2014-12-16 09:33:20,055 [main] INFO - StenographerFactory initialised with logfile=nologname.log loglevel=INFO logmode=LOCAL
2014-12-16 11:56:36,306 [main] INFO - StenographerFactory initialised with logfile=nologname.log loglevel=INFO logmode=LOCAL
2014-12-16 12:01:29,085 [main] INFO - StenographerFactory initialised with logfile=nologname.log loglevel=INFO logmode=LOCAL
2014-12-16 12:02:35,595 [main] INFO - StenographerFactory initialised with logfile=nologname.log loglevel=INFO logmode=LOCAL
2014-12-17 14:24:16,886 [main] INFO - StenographerFactory initialised with logfile=nologname.log loglevel=INFO logmode=LOCAL
Exception in thread "main" 
java.util.regex.PatternSyntaxException: Dangling meta character '*' near index 0
*E1
^
	at java.util.regex.Pattern.error(Pattern.java:1955)
	at java.util.regex.Pattern.sequence(Pattern.java:2123)
	at java.util.regex.Pattern.expr(Pattern.java:1996)
	at java.util.regex.Pattern.compile(Pattern.java:1696)
	at java.util.regex.Pattern.<init>(Pattern.java:1351)
	at java.util.regex.Pattern.compile(Pattern.java:1028)
	at java.lang.String.replaceAll(String.java:2210)
	at celtech.tools.languagefileprocessor.LanguageFileProcessor.writePropertyLineForLocales(LanguageFileProcessor.java:165)
	at celtech.tools.languagefileprocessor.LanguageFileProcessor.main(LanguageFileProcessor.java:98)
2014-12-17 14:25:30,654 [main] INFO - StenographerFactory initialised with logfile=nologname.log loglevel=INFO logmode=LOCAL
2014-12-17 14:27:40,986 [main] INFO - StenographerFactory initialised with logfile=nologname.log loglevel=INFO logmode=LOCAL
2014-12-17 14:31:33,170 [main] INFO - StenographerFactory initialised with logfile=nologname.log loglevel=INFO logmode=LOCAL
2014-12-17 14:32:18,210 [main] INFO - StenographerFactory initialised with logfile=nologname.log loglevel=INFO logmode=LOCAL
2014-12-17 14:33:07,114 [main] INFO - StenographerFactory initialised with logfile=nologname.log loglevel=INFO logmode=LOCAL
2014-12-17 14:33:26,301 [main] INFO - StenographerFactory initialised with logfile=nologname.log loglevel=INFO logmode=LOCAL
2014-12-17 14:33:59,713 [main] INFO - StenographerFactory initialised with logfile=nologname.log loglevel=INFO logmode=LOCAL
2014-12-17 14:34:47,789 [main] INFO - StenographerFactory initialised with logfile=nologname.log loglevel=INFO logmode=LOCAL
2014-12-17 14:37:06,719 [main] INFO - StenographerFactory initialised with logfile=nologname.log loglevel=INFO logmode=LOCAL
Exception in thread "main" 
java.lang.StringIndexOutOfBoundsException: String index out of range: 29
	at java.lang.String.substring(String.java:1950)
	at celtech.tools.languagefileprocessor.FauxCyrillicMapper.parseString(FauxCyrillicMapper.java:22)
	at celtech.tools.languagefileprocessor.LanguageFileProcessor.writePropertyLineForLocales(LanguageFileProcessor.java:149)
	at celtech.tools.languagefileprocessor.LanguageFileProcessor.main(LanguageFileProcessor.java:98)
2014-12-17 14:37:32,806 [main] INFO - StenographerFactory initialised with logfile=nologname.log loglevel=INFO logmode=LOCAL
2014-12-17 14:38:30,758 [main] INFO - StenographerFactory initialised with logfile=nologname.log loglevel=INFO logmode=LOCAL
2014-12-17 14:46:37,012 [main] INFO - StenographerFactory initialised with logfile=nologname.log loglevel=INFO logmode=LOCAL
Exception in thread "main" 
java.lang.StringIndexOutOfBoundsException: String index out of range: 4
	at java.lang.String.substring(String.java:1950)
	at celtech.tools.languagefileprocessor.FauxCyrillicMapper.parseString(FauxCyrillicMapper.java:20)
	at celtech.tools.languagefileprocessor.LanguageFileProcessor.writePropertyLineForLocales(LanguageFileProcessor.java:149)
	at celtech.tools.languagefileprocessor.LanguageFileProcessor.main(LanguageFileProcessor.java:98)
2014-12-17 14:53:28,160 [main] INFO - StenographerFactory initialised with logfile=nologname.log loglevel=INFO logmode=LOCAL
2014-12-17 14:55:33,567 [main] INFO - StenographerFactory initialised with logfile=nologname.log loglevel=INFO logmode=LOCAL
2014-12-17 15:06:41,243 [main] INFO - StenographerFactory initialised with logfile=nologname.log loglevel=INFO logmode=LOCAL
