2015-02-25 12:33:01,308 [main] INFO - StenographerFactory initialised with logfile=nologname.log loglevel=INFO logmode=LOCAL
>>>> ERROR loading system config (using -DlibertySystems.configFile) org.apache.commons.configuration.ConfigurationException: Cannot locate configuration source null
2015-02-25 12:33:01,315 [main] ERROR celtech.configuration.ApplicationConfiguration.getApplicationInstallDirectory(ApplicationConfiguration.java:493) - Couldn't load configuration - the application cannot derive the install directory
>>>> ERROR loading system config (using -DlibertySystems.configFile) org.apache.commons.configuration.ConfigurationException: Cannot locate configuration source null
2015-02-25 12:33:01,476 [main] ERROR celtech.configuration.ApplicationConfiguration.getUserStorageDirectory(ApplicationConfiguration.java:567) - Couldn't load configuration - the application cannot derive the install directory
2015-02-25 12:33:01,561 [main] ERROR celtech.configuration.datafileaccessors.SlicerMappingsContainer.<init>(SlicerMappingsContainer.java:41) - Error trying to load slicer mapping file
2015-02-25 12:35:21,879 [main] INFO - StenographerFactory initialised with logfile=nologname.log loglevel=INFO logmode=LOCAL
>>>> ERROR loading system config (using -DlibertySystems.configFile) org.apache.commons.configuration.ConfigurationException: Cannot locate configuration source null
2015-02-25 12:35:21,887 [main] ERROR celtech.configuration.ApplicationConfiguration.getApplicationInstallDirectory(ApplicationConfiguration.java:493) - Couldn't load configuration - the application cannot derive the install directory
>>>> ERROR loading system config (using -DlibertySystems.configFile) org.apache.commons.configuration.ConfigurationException: Cannot locate configuration source null
2015-02-25 12:35:22,053 [main] ERROR celtech.configuration.ApplicationConfiguration.getUserStorageDirectory(ApplicationConfiguration.java:567) - Couldn't load configuration - the application cannot derive the install directory
2015-02-25 12:35:22,150 [main] ERROR celtech.configuration.datafileaccessors.SlicerMappingsContainer.<init>(SlicerMappingsContainer.java:41) - Error trying to load slicer mapping file
2015-02-25 12:35:48,185 [main] INFO - StenographerFactory initialised with logfile=nologname.log loglevel=INFO logmode=LOCAL
>>>> ERROR loading system config (using -DlibertySystems.configFile) org.apache.commons.configuration.ConfigurationException: Cannot locate configuration source null
2015-02-25 12:35:48,193 [main] ERROR celtech.configuration.ApplicationConfiguration.getApplicationInstallDirectory(ApplicationConfiguration.java:493) - Couldn't load configuration - the application cannot derive the install directory
>>>> ERROR loading system config (using -DlibertySystems.configFile) org.apache.commons.configuration.ConfigurationException: Cannot locate configuration source null
2015-02-25 12:35:48,369 [main] ERROR celtech.configuration.ApplicationConfiguration.getUserStorageDirectory(ApplicationConfiguration.java:567) - Couldn't load configuration - the application cannot derive the install directory
2015-02-25 12:35:48,470 [main] ERROR celtech.configuration.datafileaccessors.SlicerMappingsContainer.<init>(SlicerMappingsContainer.java:41) - Error trying to load slicer mapping file
2015-02-25 12:37:07,393 [main] INFO - StenographerFactory initialised with logfile=nologname.log loglevel=INFO logmode=LOCAL
>>>> ERROR loading system config (using -DlibertySystems.configFile) org.apache.commons.configuration.ConfigurationException: Cannot locate configuration source null
2015-02-25 12:37:07,401 [main] ERROR celtech.configuration.ApplicationConfiguration.getApplicationInstallDirectory(ApplicationConfiguration.java:493) - Couldn't load configuration - the application cannot derive the install directory
>>>> ERROR loading system config (using -DlibertySystems.configFile) org.apache.commons.configuration.ConfigurationException: Cannot locate configuration source null
2015-02-25 12:37:07,575 [main] ERROR celtech.configuration.ApplicationConfiguration.getUserStorageDirectory(ApplicationConfiguration.java:567) - Couldn't load configuration - the application cannot derive the install directory
2015-02-25 12:37:07,669 [main] ERROR celtech.configuration.datafileaccessors.SlicerMappingsContainer.<init>(SlicerMappingsContainer.java:41) - Error trying to load slicer mapping file
2015-02-25 12:37:07,681 [Robox Comms Manager] ERROR celtech.printerControl.comms.RoboxCommsManager.searchForPrinter(RoboxCommsManager.java:212) - Error java.io.IOException: Cannot run program "null../Common/bin/RoboxDetector.exe": CreateProcess error=2, The system cannot find the file specified
2015-02-25 12:37:08,184 [Robox Comms Manager] ERROR celtech.printerControl.comms.RoboxCommsManager.searchForPrinter(RoboxCommsManager.java:212) - Error java.io.IOException: Cannot run program "null../Common/bin/RoboxDetector.exe": CreateProcess error=2, The system cannot find the file specified
2015-02-25 12:37:08,686 [Robox Comms Manager] ERROR celtech.printerControl.comms.RoboxCommsManager.searchForPrinter(RoboxCommsManager.java:212) - Error java.io.IOException: Cannot run program "null../Common/bin/RoboxDetector.exe": CreateProcess error=2, The system cannot find the file specified
2015-02-25 12:37:09,192 [Robox Comms Manager] ERROR celtech.printerControl.comms.RoboxCommsManager.searchForPrinter(RoboxCommsManager.java:212) - Error java.io.IOException: Cannot run program "null../Common/bin/RoboxDetector.exe": CreateProcess error=2, The system cannot find the file specified
2015-02-25 12:37:09,695 [Robox Comms Manager] ERROR celtech.printerControl.comms.RoboxCommsManager.searchForPrinter(RoboxCommsManager.java:212) - Error java.io.IOException: Cannot run program "null../Common/bin/RoboxDetector.exe": CreateProcess error=2, The system cannot find the file specified
2015-02-25 12:37:10,202 [Robox Comms Manager] ERROR celtech.printerControl.comms.RoboxCommsManager.searchForPrinter(RoboxCommsManager.java:212) - Error java.io.IOException: Cannot run program "null../Common/bin/RoboxDetector.exe": CreateProcess error=2, The system cannot find the file specified
2015-02-25 12:37:10,708 [Robox Comms Manager] ERROR celtech.printerControl.comms.RoboxCommsManager.searchForPrinter(RoboxCommsManager.java:212) - Error java.io.IOException: Cannot run program "null../Common/bin/RoboxDetector.exe": CreateProcess error=2, The system cannot find the file specified
2015-02-25 12:37:11,215 [Robox Comms Manager] ERROR celtech.printerControl.comms.RoboxCommsManager.searchForPrinter(RoboxCommsManager.java:212) - Error java.io.IOException: Cannot run program "null../Common/bin/RoboxDetector.exe": CreateProcess error=2, The system cannot find the file specified
2015-02-25 12:37:11,722 [Robox Comms Manager] ERROR celtech.printerControl.comms.RoboxCommsManager.searchForPrinter(RoboxCommsManager.java:212) - Error java.io.IOException: Cannot run program "null../Common/bin/RoboxDetector.exe": CreateProcess error=2, The system cannot find the file specified
2015-02-25 12:37:12,229 [Robox Comms Manager] ERROR celtech.printerControl.comms.RoboxCommsManager.searchForPrinter(RoboxCommsManager.java:212) - Error java.io.IOException: Cannot run program "null../Common/bin/RoboxDetector.exe": CreateProcess error=2, The system cannot find the file specified
2015-02-25 12:37:12,738 [Robox Comms Manager] ERROR celtech.printerControl.comms.RoboxCommsManager.searchForPrinter(RoboxCommsManager.java:212) - Error java.io.IOException: Cannot run program "null../Common/bin/RoboxDetector.exe": CreateProcess error=2, The system cannot find the file specified
2015-02-25 12:37:13,245 [Robox Comms Manager] ERROR celtech.printerControl.comms.RoboxCommsManager.searchForPrinter(RoboxCommsManager.java:212) - Error java.io.IOException: Cannot run program "null../Common/bin/RoboxDetector.exe": CreateProcess error=2, The system cannot find the file specified
2015-02-25 12:37:13,753 [Robox Comms Manager] ERROR celtech.printerControl.comms.RoboxCommsManager.searchForPrinter(RoboxCommsManager.java:212) - Error java.io.IOException: Cannot run program "null../Common/bin/RoboxDetector.exe": CreateProcess error=2, The system cannot find the file specified
2015-02-25 12:37:14,261 [Robox Comms Manager] ERROR celtech.printerControl.comms.RoboxCommsManager.searchForPrinter(RoboxCommsManager.java:212) - Error java.io.IOException: Cannot run program "null../Common/bin/RoboxDetector.exe": CreateProcess error=2, The system cannot find the file specified
2015-02-25 12:37:14,769 [Robox Comms Manager] ERROR celtech.printerControl.comms.RoboxCommsManager.searchForPrinter(RoboxCommsManager.java:212) - Error java.io.IOException: Cannot run program "null../Common/bin/RoboxDetector.exe": CreateProcess error=2, The system cannot find the file specified
2015-02-25 12:37:15,272 [Robox Comms Manager] ERROR celtech.printerControl.comms.RoboxCommsManager.searchForPrinter(RoboxCommsManager.java:212) - Error java.io.IOException: Cannot run program "null../Common/bin/RoboxDetector.exe": CreateProcess error=2, The system cannot find the file specified
2015-02-25 12:37:15,778 [Robox Comms Manager] ERROR celtech.printerControl.comms.RoboxCommsManager.searchForPrinter(RoboxCommsManager.java:212) - Error java.io.IOException: Cannot run program "null../Common/bin/RoboxDetector.exe": CreateProcess error=2, The system cannot find the file specified
2015-02-25 12:37:16,282 [Robox Comms Manager] ERROR celtech.printerControl.comms.RoboxCommsManager.searchForPrinter(RoboxCommsManager.java:212) - Error java.io.IOException: Cannot run program "null../Common/bin/RoboxDetector.exe": CreateProcess error=2, The system cannot find the file specified
2015-02-25 12:37:16,788 [Robox Comms Manager] ERROR celtech.printerControl.comms.RoboxCommsManager.searchForPrinter(RoboxCommsManager.java:212) - Error java.io.IOException: Cannot run program "null../Common/bin/RoboxDetector.exe": CreateProcess error=2, The system cannot find the file specified
2015-02-25 12:37:17,296 [Robox Comms Manager] ERROR celtech.printerControl.comms.RoboxCommsManager.searchForPrinter(RoboxCommsManager.java:212) - Error java.io.IOException: Cannot run program "null../Common/bin/RoboxDetector.exe": CreateProcess error=2, The system cannot find the file specified
2015-02-25 12:37:17,804 [Robox Comms Manager] ERROR celtech.printerControl.comms.RoboxCommsManager.searchForPrinter(RoboxCommsManager.java:212) - Error java.io.IOException: Cannot run program "null../Common/bin/RoboxDetector.exe": CreateProcess error=2, The system cannot find the file specified
2015-02-25 12:37:18,311 [Robox Comms Manager] ERROR celtech.printerControl.comms.RoboxCommsManager.searchForPrinter(RoboxCommsManager.java:212) - Error java.io.IOException: Cannot run program "null../Common/bin/RoboxDetector.exe": CreateProcess error=2, The system cannot find the file specified
2015-02-25 12:37:18,817 [Robox Comms Manager] ERROR celtech.printerControl.comms.RoboxCommsManager.searchForPrinter(RoboxCommsManager.java:212) - Error java.io.IOException: Cannot run program "null../Common/bin/RoboxDetector.exe": CreateProcess error=2, The system cannot find the file specified
2015-02-25 12:37:19,321 [Robox Comms Manager] ERROR celtech.printerControl.comms.RoboxCommsManager.searchForPrinter(RoboxCommsManager.java:212) - Error java.io.IOException: Cannot run program "null../Common/bin/RoboxDetector.exe": CreateProcess error=2, The system cannot find the file specified
2015-02-25 12:37:19,823 [Robox Comms Manager] ERROR celtech.printerControl.comms.RoboxCommsManager.searchForPrinter(RoboxCommsManager.java:212) - Error java.io.IOException: Cannot run program "null../Common/bin/RoboxDetector.exe": CreateProcess error=2, The system cannot find the file specified
2015-02-25 12:37:20,331 [Robox Comms Manager] ERROR celtech.printerControl.comms.RoboxCommsManager.searchForPrinter(RoboxCommsManager.java:212) - Error java.io.IOException: Cannot run program "null../Common/bin/RoboxDetector.exe": CreateProcess error=2, The system cannot find the file specified
2015-02-25 12:37:20,833 [Robox Comms Manager] ERROR celtech.printerControl.comms.RoboxCommsManager.searchForPrinter(RoboxCommsManager.java:212) - Error java.io.IOException: Cannot run program "null../Common/bin/RoboxDetector.exe": CreateProcess error=2, The system cannot find the file specified
2015-02-25 12:37:21,339 [Robox Comms Manager] ERROR celtech.printerControl.comms.RoboxCommsManager.searchForPrinter(RoboxCommsManager.java:212) - Error java.io.IOException: Cannot run program "null../Common/bin/RoboxDetector.exe": CreateProcess error=2, The system cannot find the file specified
2015-02-25 12:37:21,848 [Robox Comms Manager] ERROR celtech.printerControl.comms.RoboxCommsManager.searchForPrinter(RoboxCommsManager.java:212) - Error java.io.IOException: Cannot run program "null../Common/bin/RoboxDetector.exe": CreateProcess error=2, The system cannot find the file specified
2015-02-25 12:37:22,355 [Robox Comms Manager] ERROR celtech.printerControl.comms.RoboxCommsManager.searchForPrinter(RoboxCommsManager.java:212) - Error java.io.IOException: Cannot run program "null../Common/bin/RoboxDetector.exe": CreateProcess error=2, The system cannot find the file specified
2015-02-25 12:37:22,858 [Robox Comms Manager] ERROR celtech.printerControl.comms.RoboxCommsManager.searchForPrinter(RoboxCommsManager.java:212) - Error java.io.IOException: Cannot run program "null../Common/bin/RoboxDetector.exe": CreateProcess error=2, The system cannot find the file specified
2015-02-25 12:37:23,365 [Robox Comms Manager] ERROR celtech.printerControl.comms.RoboxCommsManager.searchForPrinter(RoboxCommsManager.java:212) - Error java.io.IOException: Cannot run program "null../Common/bin/RoboxDetector.exe": CreateProcess error=2, The system cannot find the file specified
2015-02-25 12:37:23,873 [Robox Comms Manager] ERROR celtech.printerControl.comms.RoboxCommsManager.searchForPrinter(RoboxCommsManager.java:212) - Error java.io.IOException: Cannot run program "null../Common/bin/RoboxDetector.exe": CreateProcess error=2, The system cannot find the file specified
2015-02-25 12:37:24,380 [Robox Comms Manager] ERROR celtech.printerControl.comms.RoboxCommsManager.searchForPrinter(RoboxCommsManager.java:212) - Error java.io.IOException: Cannot run program "null../Common/bin/RoboxDetector.exe": CreateProcess error=2, The system cannot find the file specified
2015-02-25 12:37:24,888 [Robox Comms Manager] ERROR celtech.printerControl.comms.RoboxCommsManager.searchForPrinter(RoboxCommsManager.java:212) - Error java.io.IOException: Cannot run program "null../Common/bin/RoboxDetector.exe": CreateProcess error=2, The system cannot find the file specified
2015-02-25 12:37:25,393 [Robox Comms Manager] ERROR celtech.printerControl.comms.RoboxCommsManager.searchForPrinter(RoboxCommsManager.java:212) - Error java.io.IOException: Cannot run program "null../Common/bin/RoboxDetector.exe": CreateProcess error=2, The system cannot find the file specified
2015-02-25 12:37:25,896 [Robox Comms Manager] ERROR celtech.printerControl.comms.RoboxCommsManager.searchForPrinter(RoboxCommsManager.java:212) - Error java.io.IOException: Cannot run program "null../Common/bin/RoboxDetector.exe": CreateProcess error=2, The system cannot find the file specified
2015-02-25 12:37:26,398 [Robox Comms Manager] ERROR celtech.printerControl.comms.RoboxCommsManager.searchForPrinter(RoboxCommsManager.java:212) - Error java.io.IOException: Cannot run program "null../Common/bin/RoboxDetector.exe": CreateProcess error=2, The system cannot find the file specified
2015-02-25 12:37:26,901 [Robox Comms Manager] ERROR celtech.printerControl.comms.RoboxCommsManager.searchForPrinter(RoboxCommsManager.java:212) - Error java.io.IOException: Cannot run program "null../Common/bin/RoboxDetector.exe": CreateProcess error=2, The system cannot find the file specified
2015-02-25 12:37:27,403 [Robox Comms Manager] ERROR celtech.printerControl.comms.RoboxCommsManager.searchForPrinter(RoboxCommsManager.java:212) - Error java.io.IOException: Cannot run program "null../Common/bin/RoboxDetector.exe": CreateProcess error=2, The system cannot find the file specified
2015-02-25 12:37:27,910 [Robox Comms Manager] ERROR celtech.printerControl.comms.RoboxCommsManager.searchForPrinter(RoboxCommsManager.java:212) - Error java.io.IOException: Cannot run program "null../Common/bin/RoboxDetector.exe": CreateProcess error=2, The system cannot find the file specified
2015-02-25 12:37:28,413 [Robox Comms Manager] ERROR celtech.printerControl.comms.RoboxCommsManager.searchForPrinter(RoboxCommsManager.java:212) - Error java.io.IOException: Cannot run program "null../Common/bin/RoboxDetector.exe": CreateProcess error=2, The system cannot find the file specified
2015-02-25 12:37:28,920 [Robox Comms Manager] ERROR celtech.printerControl.comms.RoboxCommsManager.searchForPrinter(RoboxCommsManager.java:212) - Error java.io.IOException: Cannot run program "null../Common/bin/RoboxDetector.exe": CreateProcess error=2, The system cannot find the file specified
2015-02-25 12:37:29,423 [Robox Comms Manager] ERROR celtech.printerControl.comms.RoboxCommsManager.searchForPrinter(RoboxCommsManager.java:212) - Error java.io.IOException: Cannot run program "null../Common/bin/RoboxDetector.exe": CreateProcess error=2, The system cannot find the file specified
2015-02-25 12:37:29,926 [Robox Comms Manager] ERROR celtech.printerControl.comms.RoboxCommsManager.searchForPrinter(RoboxCommsManager.java:212) - Error java.io.IOException: Cannot run program "null../Common/bin/RoboxDetector.exe": CreateProcess error=2, The system cannot find the file specified
2015-02-25 12:38:10,925 [main] INFO - StenographerFactory initialised with logfile=nologname.log loglevel=INFO logmode=LOCAL
>>>> ERROR loading system config (using -DlibertySystems.configFile) org.apache.commons.configuration.ConfigurationException: Cannot locate configuration source null
2015-02-25 12:38:10,932 [main] ERROR celtech.configuration.ApplicationConfiguration.getApplicationInstallDirectory(ApplicationConfiguration.java:493) - Couldn't load configuration - the application cannot derive the install directory
>>>> ERROR loading system config (using -DlibertySystems.configFile) org.apache.commons.configuration.ConfigurationException: Cannot locate configuration source null
2015-02-25 12:38:11,093 [main] ERROR celtech.configuration.ApplicationConfiguration.getUserStorageDirectory(ApplicationConfiguration.java:567) - Couldn't load configuration - the application cannot derive the install directory
2015-02-25 12:38:11,195 [main] ERROR celtech.configuration.datafileaccessors.SlicerMappingsContainer.<init>(SlicerMappingsContainer.java:41) - Error trying to load slicer mapping file
2015-02-25 12:38:11,207 [Robox Comms Manager] ERROR celtech.printerControl.comms.RoboxCommsManager.searchForPrinter(RoboxCommsManager.java:212) - Error java.io.IOException: Cannot run program "null../Common/bin/RoboxDetector.exe": CreateProcess error=2, The system cannot find the file specified
2015-02-25 12:38:11,711 [Robox Comms Manager] ERROR celtech.printerControl.comms.RoboxCommsManager.searchForPrinter(RoboxCommsManager.java:212) - Error java.io.IOException: Cannot run program "null../Common/bin/RoboxDetector.exe": CreateProcess error=2, The system cannot find the file specified
2015-02-25 12:38:12,214 [Robox Comms Manager] ERROR celtech.printerControl.comms.RoboxCommsManager.searchForPrinter(RoboxCommsManager.java:212) - Error java.io.IOException: Cannot run program "null../Common/bin/RoboxDetector.exe": CreateProcess error=2, The system cannot find the file specified
2015-02-25 12:38:12,723 [Robox Comms Manager] ERROR celtech.printerControl.comms.RoboxCommsManager.searchForPrinter(RoboxCommsManager.java:212) - Error java.io.IOException: Cannot run program "null../Common/bin/RoboxDetector.exe": CreateProcess error=2, The system cannot find the file specified
2015-02-25 12:38:13,226 [Robox Comms Manager] ERROR celtech.printerControl.comms.RoboxCommsManager.searchForPrinter(RoboxCommsManager.java:212) - Error java.io.IOException: Cannot run program "null../Common/bin/RoboxDetector.exe": CreateProcess error=2, The system cannot find the file specified
2015-02-25 12:38:13,730 [Robox Comms Manager] ERROR celtech.printerControl.comms.RoboxCommsManager.searchForPrinter(RoboxCommsManager.java:212) - Error java.io.IOException: Cannot run program "null../Common/bin/RoboxDetector.exe": CreateProcess error=2, The system cannot find the file specified
2015-02-25 12:38:14,240 [Robox Comms Manager] ERROR celtech.printerControl.comms.RoboxCommsManager.searchForPrinter(RoboxCommsManager.java:212) - Error java.io.IOException: Cannot run program "null../Common/bin/RoboxDetector.exe": CreateProcess error=2, The system cannot find the file specified
2015-02-25 12:38:14,747 [Robox Comms Manager] ERROR celtech.printerControl.comms.RoboxCommsManager.searchForPrinter(RoboxCommsManager.java:212) - Error java.io.IOException: Cannot run program "null../Common/bin/RoboxDetector.exe": CreateProcess error=2, The system cannot find the file specified
2015-02-25 12:38:15,254 [Robox Comms Manager] ERROR celtech.printerControl.comms.RoboxCommsManager.searchForPrinter(RoboxCommsManager.java:212) - Error java.io.IOException: Cannot run program "null../Common/bin/RoboxDetector.exe": CreateProcess error=2, The system cannot find the file specified
2015-02-25 12:38:15,761 [Robox Comms Manager] ERROR celtech.printerControl.comms.RoboxCommsManager.searchForPrinter(RoboxCommsManager.java:212) - Error java.io.IOException: Cannot run program "null../Common/bin/RoboxDetector.exe": CreateProcess error=2, The system cannot find the file specified
2015-02-25 12:38:16,270 [Robox Comms Manager] ERROR celtech.printerControl.comms.RoboxCommsManager.searchForPrinter(RoboxCommsManager.java:212) - Error java.io.IOException: Cannot run program "null../Common/bin/RoboxDetector.exe": CreateProcess error=2, The system cannot find the file specified
2015-02-25 12:38:16,775 [Robox Comms Manager] ERROR celtech.printerControl.comms.RoboxCommsManager.searchForPrinter(RoboxCommsManager.java:212) - Error java.io.IOException: Cannot run program "null../Common/bin/RoboxDetector.exe": CreateProcess error=2, The system cannot find the file specified
2015-02-25 12:38:17,284 [Robox Comms Manager] ERROR celtech.printerControl.comms.RoboxCommsManager.searchForPrinter(RoboxCommsManager.java:212) - Error java.io.IOException: Cannot run program "null../Common/bin/RoboxDetector.exe": CreateProcess error=2, The system cannot find the file specified
2015-03-13 10:15:06,967 [main] INFO - StenographerFactory initialised with logfile=nologname.log loglevel= logmode=LOCAL
>>>> ERROR loading system config (using -DlibertySystems.configFile) org.apache.commons.configuration.ConfigurationException: Cannot locate configuration source null
2015-03-13 10:15:06,975 [main] ERROR celtech.configuration.ApplicationConfiguration.getApplicationInstallDirectory(ApplicationConfiguration.java:493) - Couldn't load configuration - the application cannot derive the install directory
2015-03-13 10:15:06,986 [main] DEBUG celtech.Lookup.<init>(Lookup.java:113) - Starting AutoMaker - get user preferences...
>>>> ERROR loading system config (using -DlibertySystems.configFile) org.apache.commons.configuration.ConfigurationException: Cannot locate configuration source null
2015-03-13 10:15:07,139 [main] ERROR celtech.configuration.ApplicationConfiguration.getUserStorageDirectory(ApplicationConfiguration.java:567) - Couldn't load configuration - the application cannot derive the install directory
2015-03-13 10:15:07,240 [main] ERROR celtech.configuration.datafileaccessors.SlicerMappingsContainer.<init>(SlicerMappingsContainer.java:41) - Error trying to load slicer mapping file
2015-03-13 10:15:07,252 [Robox Comms Manager] ERROR celtech.printerControl.comms.RoboxCommsManager.searchForPrinter(RoboxCommsManager.java:212) - Error java.io.IOException: Cannot run program "null../Common/bin/RoboxDetector.exe": CreateProcess error=2, The system cannot find the file specified
2015-03-13 10:15:07,759 [Robox Comms Manager] ERROR celtech.printerControl.comms.RoboxCommsManager.searchForPrinter(RoboxCommsManager.java:212) - Error java.io.IOException: Cannot run program "null../Common/bin/RoboxDetector.exe": CreateProcess error=2, The system cannot find the file specified
2015-03-13 10:15:08,262 [Robox Comms Manager] ERROR celtech.printerControl.comms.RoboxCommsManager.searchForPrinter(RoboxCommsManager.java:212) - Error java.io.IOException: Cannot run program "null../Common/bin/RoboxDetector.exe": CreateProcess error=2, The system cannot find the file specified
2015-03-13 10:15:08,764 [Robox Comms Manager] ERROR celtech.printerControl.comms.RoboxCommsManager.searchForPrinter(RoboxCommsManager.java:212) - Error java.io.IOException: Cannot run program "null../Common/bin/RoboxDetector.exe": CreateProcess error=2, The system cannot find the file specified
2015-03-13 10:15:09,271 [Robox Comms Manager] ERROR celtech.printerControl.comms.RoboxCommsManager.searchForPrinter(RoboxCommsManager.java:212) - Error java.io.IOException: Cannot run program "null../Common/bin/RoboxDetector.exe": CreateProcess error=2, The system cannot find the file specified
2015-03-13 10:15:09,776 [Robox Comms Manager] ERROR celtech.printerControl.comms.RoboxCommsManager.searchForPrinter(RoboxCommsManager.java:212) - Error java.io.IOException: Cannot run program "null../Common/bin/RoboxDetector.exe": CreateProcess error=2, The system cannot find the file specified
2015-03-13 10:15:10,281 [Robox Comms Manager] ERROR celtech.printerControl.comms.RoboxCommsManager.searchForPrinter(RoboxCommsManager.java:212) - Error java.io.IOException: Cannot run program "null../Common/bin/RoboxDetector.exe": CreateProcess error=2, The system cannot find the file specified
2015-03-13 10:15:10,783 [Robox Comms Manager] ERROR celtech.printerControl.comms.RoboxCommsManager.searchForPrinter(RoboxCommsManager.java:212) - Error java.io.IOException: Cannot run program "null../Common/bin/RoboxDetector.exe": CreateProcess error=2, The system cannot find the file specified
2015-03-13 10:15:11,286 [Robox Comms Manager] ERROR celtech.printerControl.comms.RoboxCommsManager.searchForPrinter(RoboxCommsManager.java:212) - Error java.io.IOException: Cannot run program "null../Common/bin/RoboxDetector.exe": CreateProcess error=2, The system cannot find the file specified
2015-03-13 10:15:11,788 [Robox Comms Manager] ERROR celtech.printerControl.comms.RoboxCommsManager.searchForPrinter(RoboxCommsManager.java:212) - Error java.io.IOException: Cannot run program "null../Common/bin/RoboxDetector.exe": CreateProcess error=2, The system cannot find the file specified
2015-03-13 10:15:12,291 [Robox Comms Manager] ERROR celtech.printerControl.comms.RoboxCommsManager.searchForPrinter(RoboxCommsManager.java:212) - Error java.io.IOException: Cannot run program "null../Common/bin/RoboxDetector.exe": CreateProcess error=2, The system cannot find the file specified
